0 info it worked if it ends with ok
1 verbose cli [ '/Users/arusantimo/.nvm/versions/node/v6.7.0/bin/node',
1 verbose cli   '/Users/arusantimo/.nvm/versions/node/v6.7.0/bin/npm',
1 verbose cli   'start' ]
2 info using npm@3.10.3
3 info using node@v6.7.0
4 verbose run-script [ 'prestart', 'start', 'poststart' ]
5 info lifecycle html-css@1.0.0~prestart: html-css@1.0.0
6 silly lifecycle html-css@1.0.0~prestart: no script for prestart, continuing
7 info lifecycle html-css@1.0.0~start: html-css@1.0.0
8 verbose lifecycle html-css@1.0.0~start: unsafe-perm in lifecycle true
9 verbose lifecycle html-css@1.0.0~start: PATH: /Users/arusantimo/.nvm/versions/node/v6.7.0/lib/node_modules/npm/bin/node-gyp-bin:/Users/arusantimo/git/html-css/node_modules/.bin:/Users/arusantimo/.nvm/versions/node/v6.7.0/bin:/Users/arusantimo/.rvm/gems/ruby-2.3.1/bin:/Users/arusantimo/.rvm/gems/ruby-2.3.1@global/bin:/Users/arusantimo/.rvm/rubies/ruby-2.3.1/bin:/Users/arusantimo/.rvm/bin:/Users/arusantimo/.nvm/versions/node/v6.7.0/bin:/usr/local/bin:/usr/bin:/bin:/usr/sbin:/sbin:/usr/local/mysql/bin
10 verbose lifecycle html-css@1.0.0~start: CWD: /Users/arusantimo/git/html-css
11 silly lifecycle html-css@1.0.0~start: Args: [ '-c', 'webpack-dev-server --watch' ]
12 silly lifecycle html-css@1.0.0~start: Returned: code: 1  signal: null
13 info lifecycle html-css@1.0.0~start: Failed to exec start script
14 verbose stack Error: html-css@1.0.0 start: `webpack-dev-server --watch`
14 verbose stack Exit status 1
14 verbose stack     at EventEmitter.<anonymous> (/Users/arusantimo/.nvm/versions/node/v6.7.0/lib/node_modules/npm/lib/utils/lifecycle.js:242:16)
14 verbose stack     at emitTwo (events.js:106:13)
14 verbose stack     at EventEmitter.emit (events.js:191:7)
14 verbose stack     at ChildProcess.<anonymous> (/Users/arusantimo/.nvm/versions/node/v6.7.0/lib/node_modules/npm/lib/utils/spawn.js:40:14)
14 verbose stack     at emitTwo (events.js:106:13)
14 verbose stack     at ChildProcess.emit (events.js:191:7)
14 verbose stack     at maybeClose (internal/child_process.js:877:16)
14 verbose stack     at Process.ChildProcess._handle.onexit (internal/child_process.js:226:5)
15 verbose pkgid html-css@1.0.0
16 verbose cwd /Users/arusantimo/git/html-css
17 error Darwin 16.1.0
18 error argv "/Users/arusantimo/.nvm/versions/node/v6.7.0/bin/node" "/Users/arusantimo/.nvm/versions/node/v6.7.0/bin/npm" "start"
19 error node v6.7.0
20 error npm  v3.10.3
21 error code ELIFECYCLE
22 error html-css@1.0.0 start: `webpack-dev-server --watch`
22 error Exit status 1
23 error Failed at the html-css@1.0.0 start script 'webpack-dev-server --watch'.
23 error Make sure you have the latest version of node.js and npm installed.
23 error If you do, this is most likely a problem with the html-css package,
23 error not with npm itself.
23 error Tell the author that this fails on your system:
23 error     webpack-dev-server --watch
23 error You can get information on how to open an issue for this project with:
23 error     npm bugs html-css
23 error Or if that isn't available, you can get their info via:
23 error     npm owner ls html-css
23 error There is likely additional logging output above.
24 verbose exit [ 1, true ]
